17:53:28 **** Incremental Build of configuration Debug for project test ****
make all 
make: Nothing to be done for `all'.
17:54:50 **** Incremental Build of configuration Debug for project test ****
make all 
make: Nothing to be done for `all'.
17:56:13 **** Incremental Build of configuration Debug for project test ****
make all 
make: Nothing to be done for `all'.
18:22:19 **** Auto Build of configuration Debug for project test ****
make all 
Building file: ../src/echo.c
Invoking: ARM gcc compiler
arm-xilinx-eabi-gcc -Wall -O0 -g3 -c -fmessage-length=0 -MT"src/echo.o" -I../../rtos_bsp/ps7_cortexa9_0/include -MMD -MP -MF"src/echo.d" -MT"src/echo.d" -o "src/echo.o" "../src/echo.c"
../src/echo.c: In function 'process_echo_request':
../src/echo.c:78:3: warning: implicit declaration of function 'xil_print' [-Wimplicit-function-declaration]
   xil_print("recieved: %s\r\n", fpass.ch);
   ^
../src/echo.c:51:17: warning: unused variable 'i' [-Wunused-variable]
  int n, nwrote, i;
                 ^
Finished building: ../src/echo.c
 
Building target: test.elf
Invoking: ARM gcc linker
arm-xilinx-eabi-gcc -Wl,-T -Wl,../src/lscript.ld -L../../rtos_bsp/ps7_cortexa9_0/lib -o "test.elf"  ./src/dispatch.o ./src/echo.o ./src/main.o ./src/platform.o ./src/platform_fs.o ./src/platform_gpio.o ./src/prot_malloc.o ./src/udpsend.o   -Wl,--start-group,-lxil,-lfreertos,-lgcc,-lc,--end-group -Wl,--start-group,-lxil,-llwip4,-lgcc,-lc,--end-group
./src/echo.o: In function `process_echo_request':
/home/hirangren/Documents/Vivado/fft/fft.sdk/test/Debug/../src/echo.c:78: undefined reference to `xil_print'
collect2: error: ld returned 1 exit status
make: *** [test.elf] Error 1
18:22:31 **** Auto Build of configuration Debug for project test ****
make all 
Building file: ../src/echo.c
Invoking: ARM gcc compiler
arm-xilinx-eabi-gcc -Wall -O0 -g3 -c -fmessage-length=0 -MT"src/echo.o" -I../../rtos_bsp/ps7_cortexa9_0/include -MMD -MP -MF"src/echo.d" -MT"src/echo.d" -o "src/echo.o" "../src/echo.c"
../src/echo.c: In function 'process_echo_request':
../src/echo.c:51:17: warning: unused variable 'i' [-Wunused-variable]
  int n, nwrote, i;
                 ^
Finished building: ../src/echo.c
 
Building target: test.elf
Invoking: ARM gcc linker
arm-xilinx-eabi-gcc -Wl,-T -Wl,../src/lscript.ld -L../../rtos_bsp/ps7_cortexa9_0/lib -o "test.elf"  ./src/dispatch.o ./src/echo.o ./src/main.o ./src/platform.o ./src/platform_fs.o ./src/platform_gpio.o ./src/prot_malloc.o ./src/udpsend.o   -Wl,--start-group,-lxil,-lfreertos,-lgcc,-lc,--end-group -Wl,--start-group,-lxil,-llwip4,-lgcc,-lc,--end-group
Finished building target: test.elf
 
Invoking: ARM Print Size
arm-xilinx-eabi-size test.elf  |tee "test.elf.size"
   text	   data	    bss	    dec	    hex	filename
 176256	   3116	10965180	11144552	 aa0d68	test.elf
Finished building: test.elf.size
 
18:22:42 **** Auto Build of configuration Debug for project test ****
make all 
Building file: ../src/echo.c
Invoking: ARM gcc compiler
arm-xilinx-eabi-gcc -Wall -O0 -g3 -c -fmessage-length=0 -MT"src/echo.o" -I../../rtos_bsp/ps7_cortexa9_0/include -MMD -MP -MF"src/echo.d" -MT"src/echo.d" -o "src/echo.o" "../src/echo.c"
Finished building: ../src/echo.c
 
Building target: test.elf
Invoking: ARM gcc linker
arm-xilinx-eabi-gcc -Wl,-T -Wl,../src/lscript.ld -L../../rtos_bsp/ps7_cortexa9_0/lib -o "test.elf"  ./src/dispatch.o ./src/echo.o ./src/main.o ./src/platform.o ./src/platform_fs.o ./src/platform_gpio.o ./src/prot_malloc.o ./src/udpsend.o   -Wl,--start-group,-lxil,-lfreertos,-lgcc,-lc,--end-group -Wl,--start-group,-lxil,-llwip4,-lgcc,-lc,--end-group
Finished building target: test.elf
 
Invoking: ARM Print Size
arm-xilinx-eabi-size test.elf  |tee "test.elf.size"
   text	   data	    bss	    dec	    hex	filename
 176256	   3116	10965180	11144552	 aa0d68	test.elf
Finished building: test.elf.size
 
18:22:54 **** Incremental Build of configuration Debug for project test ****
make all 
make: Nothing to be done for `all'.
18:23:51 **** Incremental Build of configuration Debug for project test ****
make all 
make: Nothing to be done for `all'.
18:24:17 **** Incremental Build of configuration Debug for project test ****
make all 
make: Nothing to be done for `all'.
18:26:05 **** Incremental Build of configuration Debug for project test ****
make all 
make: Nothing to be done for `all'.
18:29:14 **** Auto Build of configuration Debug for project test ****
make all 
Building file: ../src/echo.c
Invoking: ARM gcc compiler
arm-xilinx-eabi-gcc -Wall -O0 -g3 -c -fmessage-length=0 -MT"src/echo.o" -I../../rtos_bsp/ps7_cortexa9_0/include -MMD -MP -MF"src/echo.d" -MT"src/echo.d" -o "src/echo.o" "../src/echo.c"
Finished building: ../src/echo.c
 
Building target: test.elf
Invoking: ARM gcc linker
arm-xilinx-eabi-gcc -Wl,-T -Wl,../src/lscript.ld -L../../rtos_bsp/ps7_cortexa9_0/lib -o "test.elf"  ./src/dispatch.o ./src/echo.o ./src/main.o ./src/platform.o ./src/platform_fs.o ./src/platform_gpio.o ./src/prot_malloc.o ./src/udpsend.o   -Wl,--start-group,-lxil,-lfreertos,-lgcc,-lc,--end-group -Wl,--start-group,-lxil,-llwip4,-lgcc,-lc,--end-group
Finished building target: test.elf
 
Invoking: ARM Print Size
arm-xilinx-eabi-size test.elf  |tee "test.elf.size"
   text	   data	    bss	    dec	    hex	filename
 176256	   3116	10965180	11144552	 aa0d68	test.elf
Finished building: test.elf.size
 
18:29:23 **** Incremental Build of configuration Debug for project test ****
make all 
make: Nothing to be done for `all'.
18:32:57 **** Auto Build of configuration Debug for project test ****
make all 
Building file: ../src/echo.c
Invoking: ARM gcc compiler
arm-xilinx-eabi-gcc -Wall -O0 -g3 -c -fmessage-length=0 -MT"src/echo.o" -I../../rtos_bsp/ps7_cortexa9_0/include -MMD -MP -MF"src/echo.d" -MT"src/echo.d" -o "src/echo.o" "../src/echo.c"
Finished building: ../src/echo.c
 
Building target: test.elf
Invoking: ARM gcc linker
arm-xilinx-eabi-gcc -Wl,-T -Wl,../src/lscript.ld -L../../rtos_bsp/ps7_cortexa9_0/lib -o "test.elf"  ./src/dispatch.o ./src/echo.o ./src/main.o ./src/platform.o ./src/platform_fs.o ./src/platform_gpio.o ./src/prot_malloc.o ./src/udpsend.o   -Wl,--start-group,-lxil,-lfreertos,-lgcc,-lc,--end-group -Wl,--start-group,-lxil,-llwip4,-lgcc,-lc,--end-group
Finished building target: test.elf
 
Invoking: ARM Print Size
arm-xilinx-eabi-size test.elf  |tee "test.elf.size"
   text	   data	    bss	    dec	    hex	filename
 176256	   3116	10965180	11144552	 aa0d68	test.elf
Finished building: test.elf.size
 
18:34:09 **** Auto Build of configuration Debug for project test ****
make all 
Building file: ../src/echo.c
Invoking: ARM gcc compiler
arm-xilinx-eabi-gcc -Wall -O0 -g3 -c -fmessage-length=0 -MT"src/echo.o" -I../../rtos_bsp/ps7_cortexa9_0/include -MMD -MP -MF"src/echo.d" -MT"src/echo.d" -o "src/echo.o" "../src/echo.c"
Finished building: ../src/echo.c
 
Building target: test.elf
Invoking: ARM gcc linker
arm-xilinx-eabi-gcc -Wl,-T -Wl,../src/lscript.ld -L../../rtos_bsp/ps7_cortexa9_0/lib -o "test.elf"  ./src/dispatch.o ./src/echo.o ./src/main.o ./src/platform.o ./src/platform_fs.o ./src/platform_gpio.o ./src/prot_malloc.o ./src/udpsend.o   -Wl,--start-group,-lxil,-lfreertos,-lgcc,-lc,--end-group -Wl,--start-group,-lxil,-llwip4,-lgcc,-lc,--end-group
Finished building target: test.elf
 
Invoking: ARM Print Size
arm-xilinx-eabi-size test.elf  |tee "test.elf.size"
   text	   data	    bss	    dec	    hex	filename
 176320	   3116	10965180	11144616	 aa0da8	test.elf
Finished building: test.elf.size
 
18:34:27 **** Incremental Build of configuration Debug for project test ****
make all 
make: Nothing to be done for `all'.
13:03:01 **** Incremental Build of configuration Debug for project test ****
make all 
make: Nothing to be done for `all'.
13:06:50 **** Auto Build of configuration Debug for project test ****
make all 
Building file: ../src/echo.c
Invoking: ARM gcc compiler
arm-xilinx-eabi-gcc -Wall -O0 -g3 -c -fmessage-length=0 -MT"src/echo.o" -I../../rtos_bsp/ps7_cortexa9_0/include -MMD -MP -MF"src/echo.d" -MT"src/echo.d" -o "src/echo.o" "../src/echo.c"
../src/echo.c: In function 'process_echo_request':
../src/echo.c:51:9: warning: unused variable 'nwrote' [-Wunused-variable]
  int n, nwrote, i;
         ^
In file included from ../src/echo.c:23:0:
../src/echo.c: At top level:
../../rtos_bsp/ps7_cortexa9_0/include/lwip/sockets.h:365:31: warning: data definition has no type or storage class [enabled by default]
 #define close(s)              lwip_close(s)
                               ^
../src/echo.c:100:2: note: in expansion of macro 'close'
  close(sd);
  ^
../../rtos_bsp/ps7_cortexa9_0/include/lwip/sockets.h:365:31: warning: type defaults to 'int' in declaration of 'lwip_close' [-Wimplicit-int]
 #define close(s)              lwip_close(s)
                               ^
../src/echo.c:100:2: note: in expansion of macro 'close'
  close(sd);
  ^
../src/echo.c:100:2: warning: parameter names (without types) in function declaration [enabled by default]
In file included from /opt/Xilinx/SDK/2014.4/gnu/arm/lin/arm-xilinx-eabi/include/stdlib.h:21:0,
                 from ../../rtos_bsp/ps7_cortexa9_0/include/arch/cc.h:56,
                 from ../../rtos_bsp/ps7_cortexa9_0/include/lwip/arch.h:43,
                 from ../../rtos_bsp/ps7_cortexa9_0/include/lwip/debug.h:35,
                 from ../../rtos_bsp/ps7_cortexa9_0/include/lwip/opt.h:46,
                 from ../../rtos_bsp/ps7_cortexa9_0/include/lwip/inet.h:35,
                 from ../src/echo.c:22:
../src/echo.c:102:14: error: expected declaration specifiers or '...' before '(' token
  vTaskDelete(NULL);
              ^
../src/echo.c:104:1: error: expected identifier or '(' before '}' token
 }
 ^
make: *** [src/echo.o] Error 1
13:07:32 **** Auto Build of configuration Debug for project test ****
make all 
Building file: ../src/echo.c
Invoking: ARM gcc compiler
arm-xilinx-eabi-gcc -Wall -O0 -g3 -c -fmessage-length=0 -MT"src/echo.o" -I../../rtos_bsp/ps7_cortexa9_0/include -MMD -MP -MF"src/echo.d" -MT"src/echo.d" -o "src/echo.o" "../src/echo.c"
../src/echo.c: In function 'process_echo_request':
../src/echo.c:51:9: warning: unused variable 'nwrote' [-Wunused-variable]
  int n, nwrote, i;
         ^
Finished building: ../src/echo.c
 
Building target: test.elf
Invoking: ARM gcc linker
arm-xilinx-eabi-gcc -Wl,-T -Wl,../src/lscript.ld -L../../rtos_bsp/ps7_cortexa9_0/lib -o "test.elf"  ./src/dispatch.o ./src/echo.o ./src/main.o ./src/platform.o ./src/platform_fs.o ./src/platform_gpio.o ./src/prot_malloc.o ./src/udpsend.o   -Wl,--start-group,-lxil,-lfreertos,-lgcc,-lc,--end-group -Wl,--start-group,-lxil,-llwip4,-lgcc,-lc,--end-group
Finished building target: test.elf
 
Invoking: ARM Print Size
arm-xilinx-eabi-size test.elf  |tee "test.elf.size"
   text	   data	    bss	    dec	    hex	filename
 176096	   3116	10965180	11144392	 aa0cc8	test.elf
Finished building: test.elf.size
 
13:07:44 **** Incremental Build of configuration Debug for project test ****
make all 
make: Nothing to be done for `all'.
13:50:39 **** Incremental Build of configuration Debug for project test ****
make all 
make: Nothing to be done for `all'.
